<?xml version="1.0" encoding="UTF-8"?>
<!-- Generated by org.testng.reporters.JUnitXMLReporter -->
<testsuite hostname="DESKTOP-DISS82K" ignored="0" name="SwiftCoder2.0API" tests="4" failures="1" timestamp="22 四月 2017 14:22:09 GMT" time="0.016" errors="0">
  <testcase name="test1" time="0.0" classname="com.test.test"/>
  <testcase name="test2" time="0.0" classname="com.test.test"/>
  <testcase name="test3" time="0.0" classname="com.test.test"/>
  <testcase name="test4" time="0.0" classname="com.test.test">
    <failure type="java.lang.AssertionError" message="null">
      <![CDATA[java.lang.AssertionError: null
	at com.test.test.test4(test.java:32)
... Removed 26 stack frames]]>
    </failure>
  </testcase> <!-- test4 -->
</testsuite> <!-- SwiftCoder2.0API -->
